33	-   27	=
-35	*   -15	=
36	+   -1	=
-29	*   -23	=
40	-   13	=
-24	+   -24	=
22	-   -39	=
18	+   -21	=
32	*   12	=
-27	-   -15	=
-21	+   -28	=
8	*   17	=
43	-   -39	=
-8	+   23	=
-29	*   34	=
-13	*   -26	=
-35	+   -37	=
-24	-   30	=
6	+   12	=
20	-   31	=
-45	+   34	=
-23	*   -45	=
-4	+   -37	=
7	+   45	=
32	+   -36	=
17	*   14	=
-7	*   37	=
-42	+   28	=
38	+   -47	=
1	*   49	=
-18	+   26	=
18	-   -38	=
-24	+   44	=
-11	+   20	=
-16	-   17	=
-49	*   -48	=
-33	+   2	=
6	-   30	=
36	-   15	=
39	-   -31	=
-10	+   -19	=
-33	+   21	=
31	*   -41	=
-23	+   6	=
47	+   36	=
15	-   33	=
-31	*   -22	=
21	*   -21	=
-47	*   20	=
18	-   -35	=
-10	+   46	=
-27	*   -5	=
-4	+   -29	=
5	*   38	=
14	*   -9	=
0	-   -50	=
-16	-   -26	=
-36	*   6	=
-7	+   -23	=
15	+   -14	=
-18	*   -13	=
-22	*   -43	=
24	-   8	=
45	*   -13	=
-15	-   -32	=
-22	+   -39	=
-22	+   26	=
-46	-   13	=
-37	*   -44	=
-10	-   -32	=
-22	+   19	=
-33	*   46	=
-26	+   20	=
33	*   49	=
22	*   -6	=
40	*   -11	=
4	-   19	=
32	+   14	=
47	+   5	=
-46	*   -39	=
-28	+   49	=
-7	-   18	=
-10	-   -39	=
-40	+   -49	=
11	+   28	=
-45	+   -14	=
-6	+   -28	=
15	*   -34	=
32	*   -26	=
-13	+   -26	=
-50	+   2	=
49	+   0	=
18	*   23	=
-19	+   -20	=
-17	*   10	=
13	-   31	=
49	-   9	=
23	-   18	=
40	-   -24	=
16	*   -10	=
40	*   26	=
-8	+   -43	=
-5	+   29	=
-32	*   -38	=
-2	-   9	=
-41	*   -40	=
-8	*   -44	=
-49	-   22	=
-29	-   -31	=
49	+   -46	=
-11	-   -10	=
17	*   -22	=
-23	*   34	=
8	+   -26	=
-28	*   46	=
31	+   34	=
42	+   22	=
0	-   35	=
-28	-   -10	=
-8	*   -37	=
48	*   -26	=
40	*   31	=
-31	-   -18	=
5	*   -46	=
29	*   23	=
26	+   5	=
10	-   29	=
34	-   -45	=
-29	-   -46	=
-37	-   4	=
-24	+   -6	=
-48	-   -44	=
34	-   -8	=
18	+   39	=
22	+   8	=
48	+   -42	=
3	*   -47	=
-17	-   -2	=
40	+   17	=
-4	*   -21	=
-50	+   38	=
47	*   40	=
-47	-   13	=
47	*   42	=
36	+   2	=
46	-   38	=
7	+   -14	=
10	*   -29	=
10	*   -22	=
-23	*   -2	=


-----ANSWERS-----


33	-   27	= 6
-35	*   -15	= 525
36	+   -1	= 35
-29	*   -23	= 667
40	-   13	= 27
-24	+   -24	= -48
22	-   -39	= 61
18	+   -21	= -3
32	*   12	= 384
-27	-   -15	= -12
-21	+   -28	= -49
8	*   17	= 136
43	-   -39	= 82
-8	+   23	= 15
-29	*   34	= -986
-13	*   -26	= 338
-35	+   -37	= -72
-24	-   30	= -54
6	+   12	= 18
20	-   31	= -11
-45	+   34	= -11
-23	*   -45	= 1035
-4	+   -37	= -41
7	+   45	= 52
32	+   -36	= -4
17	*   14	= 238
-7	*   37	= -259
-42	+   28	= -14
38	+   -47	= -9
1	*   49	= 49
-18	+   26	= 8
18	-   -38	= 56
-24	+   44	= 20
-11	+   20	= 9
-16	-   17	= -33
-49	*   -48	= 2352
-33	+   2	= -31
6	-   30	= -24
36	-   15	= 21
39	-   -31	= 70
-10	+   -19	= -29
-33	+   21	= -12
31	*   -41	= -1271
-23	+   6	= -17
47	+   36	= 83
15	-   33	= -18
-31	*   -22	= 682
21	*   -21	= -441
-47	*   20	= -940
18	-   -35	= 53
-10	+   46	= 36
-27	*   -5	= 135
-4	+   -29	= -33
5	*   38	= 190
14	*   -9	= -126
0	-   -50	= 50
-16	-   -26	= 10
-36	*   6	= -216
-7	+   -23	= -30
15	+   -14	= 1
-18	*   -13	= 234
-22	*   -43	= 946
24	-   8	= 16
45	*   -13	= -585
-15	-   -32	= 17
-22	+   -39	= -61
-22	+   26	= 4
-46	-   13	= -59
-37	*   -44	= 1628
-10	-   -32	= 22
-22	+   19	= -3
-33	*   46	= -1518
-26	+   20	= -6
33	*   49	= 1617
22	*   -6	= -132
40	*   -11	= -440
4	-   19	= -15
32	+   14	= 46
47	+   5	= 52
-46	*   -39	= 1794
-28	+   49	= 21
-7	-   18	= -25
-10	-   -39	= 29
-40	+   -49	= -89
11	+   28	= 39
-45	+   -14	= -59
-6	+   -28	= -34
15	*   -34	= -510
32	*   -26	= -832
-13	+   -26	= -39
-50	+   2	= -48
49	+   0	= 49
18	*   23	= 414
-19	+   -20	= -39
-17	*   10	= -170
13	-   31	= -18
49	-   9	= 40
23	-   18	= 5
40	-   -24	= 64
16	*   -10	= -160
40	*   26	= 1040
-8	+   -43	= -51
-5	+   29	= 24
-32	*   -38	= 1216
-2	-   9	= -11
-41	*   -40	= 1640
-8	*   -44	= 352
-49	-   22	= -71
-29	-   -31	= 2
49	+   -46	= 3
-11	-   -10	= -1
17	*   -22	= -374
-23	*   34	= -782
8	+   -26	= -18
-28	*   46	= -1288
31	+   34	= 65
42	+   22	= 64
0	-   35	= -35
-28	-   -10	= -18
-8	*   -37	= 296
48	*   -26	= -1248
40	*   31	= 1240
-31	-   -18	= -13
5	*   -46	= -230
29	*   23	= 667
26	+   5	= 31
10	-   29	= -19
34	-   -45	= 79
-29	-   -46	= 17
-37	-   4	= -41
-24	+   -6	= -30
-48	-   -44	= -4
34	-   -8	= 42
18	+   39	= 57
22	+   8	= 30
48	+   -42	= 6
3	*   -47	= -141
-17	-   -2	= -15
40	+   17	= 57
-4	*   -21	= 84
-50	+   38	= -12
47	*   40	= 1880
-47	-   13	= -60
47	*   42	= 1974
36	+   2	= 38
46	-   38	= 8
7	+   -14	= -7
10	*   -29	= -290
10	*   -22	= -220
-23	*   -2	= 46
